<?xml version="1.0" encoding="UTF-8"?>
<!-- Generated by org.testng.reporters.JUnitReportReporter -->
<testsuite skipped="0" hostname="Anusha-PC" name="abc.abcTest" tests="4" failures="0" timestamp="11 Apr 2018 10:21:39 GMT" time="0.009" errors="0">
  <testcase name="m2" time="0.000" classname="abc.abcTest"/>
  <testcase name="m1" time="0.009" classname="abc.abcTest"/>
  <testcase name="m4" time="0.000" classname="abc.abcTest"/>
  <testcase name="m3" time="0.000" classname="abc.abcTest"/>
</testsuite> <!-- abc.abcTest -->
